<?xml version="1.0" encoding="UTF-8"?>
<!-- Generated by org.testng.reporters.JUnitReportReporter -->
<testsuite skipped="0" hostname="XTV-HSHOLAPUR" name="executionEngine.DriverScriptTest" tests="2" failures="0" timestamp="2020-05-18T11:54:05 IST" time="85.620" errors="0">
  <testcase name="Initialize" time="70.543" classname="executionEngine.DriverScriptTest"/>
  <system-out/>
  <testcase name="execute_Actions" time="15.077" classname="executionEngine.DriverScriptTest"/>
  <system-out/>
</testsuite> <!-- executionEngine.DriverScriptTest -->
