<?xml version="1.0" encoding="UTF-8"?>
<!-- Generated by org.testng.reporters.JUnitReportReporter -->
<testsuite skipped="0" hostname="XTV-HSHOLAPUR" name="executionEngine.DriverScriptTest" tests="2" failures="0" timestamp="2020-05-11T11:33:30 IST" time="72.486" errors="0">
  <testcase name="execute_Actions" time="0.050" classname="executionEngine.DriverScriptTest"/>
  <system-out/>
  <testcase name="Initialize" time="72.436" classname="executionEngine.DriverScriptTest"/>
  <system-out/>
</testsuite> <!-- executionEngine.DriverScriptTest -->
