<?xml version="1.0" encoding="UTF-8"?>
<!-- Generated by org.testng.reporters.JUnitReportReporter -->
<testsuite skipped="0" hostname="XTV-HSHOLAPUR" name="testcases.makemytrip" tests="1" failures="0" timestamp="02 Jun 2020 12:23:31 GMT" time="20.057" errors="0">
  <testcase name="maketrip" time="20.057" classname="testcases.makemytrip"/>
</testsuite> <!-- testcases.makemytrip -->
